<?xml version="1.0" encoding="UTF-8"?>
<!-- Generated by org.testng.reporters.JUnitReportReporter -->
<testsuite skipped="0" hostname="MIbrahim-LT" name="testClasses.CreateAccountTest" tests="1" failures="0" timestamp="03 Apr 2019 16:27:35 GMT" time="206.556" errors="0">
  <testcase name="test_CreateAccount" time="206.556" classname="testClasses.CreateAccountTest"/>
</testsuite> <!-- testClasses.CreateAccountTest -->
