<?xml version="1.0" encoding="UTF-8"?>
<!-- Generated by org.testng.reporters.JUnitReportReporter -->
<testsuite skipped="0" hostname="MIbrahim-LT" name="testClasses.CreateAccountTest" tests="1" failures="0" timestamp="02 Apr 2019 19:19:41 GMT" time="38.863" errors="0">
  <testcase name="test_CreateAccount" time="38.863" classname="testClasses.CreateAccountTest"/>
</testsuite> <!-- testClasses.CreateAccountTest -->
